2024-03-02 23:21:02 -  - exec CUpdateClientPartner::__CollectRequestData
2024-03-02 23:21:02 -  - exec CUpdateClientPartner::GetHTTPPage
2024-03-02 23:21:02 -  - exec CUpdateClientPartner::ParseServerData
2024-03-02 23:21:02 -  - exec CUpdateClientPartner::GetUpdatesList
2024-03-02 23:21:02 -  - exec CUpdateClientPartner::__CollectRequestData
2024-03-02 23:21:02 -  - utf=Y&lang=ru&stable=Y&CANGZIP=Y&SUPD_DBS=MYSQL&XE=N&CLIENT_SITE=bitrixxx&LICENSE_KEY=X&SUPD_STS=1&SUPD_URS=1&TYPENC=D&CLIENT_PHPVER=8.1.9&NGINX=Y&dbv=8.0.30&instm=main%2C23.300.100%2CY%3Bb24connector%2C22.0.0%2CN%3Bbitrix.sitecorporate%2C15.5.0%2CN%3Bbitrix.siteinfoportal%2C15.5.0%2CN%3Bbitrix.sitepersonal%2C15.5.0%2CN%3Bbitrixcloud%2C22.100.0%2CN%3Bblog%2C22.0.0%2CN%3Bclouds%2C23.0.0%2CN%3Bfileman%2C22.300.0%2CN%3Bform%2C22.0.0%2CN%3Bforum%2C23.0.0%2CN%3Bhighloadblock%2C22.200.0%2CN%3Biblock%2C23.100.0%2CN%3Blanding%2C23.600.150%2CN%3Blocation%2C23.0.0%2CN%3Bmessageservice%2C23.0.0%2CN%3Bmobileapp%2C23.0.0%2CN%3Bperfmon%2C21.0.0%2CN%3Bphotogallery%2C22.0.200%2CN%3Brest%2C23.100.0%2CN%3Bscale%2C21.0.0%2CN%3Bsearch%2C22.100.0%2CN%3Bsecurity%2C21.300.0%2CN%3Bseo%2C23.200.0%2CN%3Bsocialservices%2C22.200.400%2CN%3Bsubscribe%2C21.0.0%2CN%3Btranslate%2C23.200.0%2CN%3Bui%2C22.1600.0%2CN%3Bvote%2C23.0.0%2CN&reqm=bitrix.sitecorporate%2Cbitrix.siteinfoportal%2Cbitrix.sitepersonal&fullmoduleinfo=Y&SUPD_SRS=RU&SUPD_CMP=N
2024-03-02 23:21:02 -  - exec CUpdateClientPartner::GetHTTPPage
2024-03-02 23:21:02 -  - TIME GetUpdatesList(request) 0.147 sec
2024-03-02 23:21:02 -  - exec CUpdateClientPartner::ParseServerData
2024-03-02 23:21:02 -  - exec CUpdateClientPartner::__CollectRequestData
2024-03-02 23:21:02 -  - exec CUpdateClientPartner::GetHTTPPage
2024-03-02 23:21:02 -  - exec CUpdateClientPartner::ParseServerData
2024-03-03 00:43:12 -  - exec CUpdateClientPartner::GetUpdatesList
2024-03-03 00:43:12 -  - exec CUpdateClientPartner::__CollectRequestData
2024-03-03 00:43:12 -  - utf=Y&lang=ru&stable=Y&CANGZIP=Y&SUPD_DBS=MYSQL&XE=N&CLIENT_SITE=bitrixxx&LICENSE_KEY=X&SUPD_STS=1&SUPD_URS=0&TYPENC=D&CLIENT_PHPVER=8.1.9&NGINX=Y&dbv=8.0.30&instm=main%2C23.900.600%2CY%3Bb24connector%2C22.0.0%2CN%3Bbitrix.sitecorporate%2C15.5.0%2CN%3Bbitrix.siteinfoportal%2C15.5.0%2CN%3Bbitrix.sitepersonal%2C15.5.0%2CN%3Bbitrixcloud%2C23.0.0%2CN%3Bblog%2C23.100.0%2CN%3Bclouds%2C23.100.0%2CN%3Bfileman%2C23.300.0%2CN%3Bform%2C23.0.0%2CN%3Bforum%2C23.400.0%2CN%3Bhighloadblock%2C23.100.0%2CN%3Biblock%2C23.400.0%2CN%3Blanding%2C23.1300.200%2CN%3Blocation%2C23.300.0%2CN%3Bmessageservice%2C24.0.0%2CN%3Bmobileapp%2C23.200.0%2CN%3Bperfmon%2C23.100.0%2CN%3Bphotogallery%2C23.0.0%2CN%3Brest%2C23.300.100%2CN%3Bscale%2C21.0.0%2CN%3Bsearch%2C23.0.0%2CN%3Bsecurity%2C23.200.100%2CN%3Bseo%2C23.500.0%2CN%3Bsocialservices%2C24.0.100%2CN%3Bsubscribe%2C23.100.0%2CN%3Btranslate%2C23.400.0%2CN%3Bui%2C23.550.0%2CN%3Bvote%2C23.300.0%2CN&reqm=bitrix.sitecorporate%2Cbitrix.siteinfoportal%2Cbitrix.sitepersonal&fullmoduleinfo=Y&SUPD_SRS=RU&SUPD_CMP=N
2024-03-03 00:43:12 -  - exec CUpdateClientPartner::GetHTTPPage
2024-03-03 00:43:12 -  - TIME GetUpdatesList(request) 0.263 sec
2024-03-03 00:43:12 -  - exec CUpdateClientPartner::ParseServerData
2024-03-03 00:43:52 -  - exec CUpdateClientPartner::GetUpdatesList
2024-03-03 00:43:52 -  - exec CUpdateClientPartner::__CollectRequestData
2024-03-03 00:43:52 -  - utf=Y&lang=ru&stable=Y&CANGZIP=Y&SUPD_DBS=MYSQL&XE=N&CLIENT_SITE=bitrixxx&LICENSE_KEY=X&SUPD_STS=1&SUPD_URS=0&TYPENC=D&CLIENT_PHPVER=8.1.9&NGINX=Y&dbv=8.0.30&instm=main%2C23.900.600%2CY%3Bb24connector%2C22.0.0%2CN%3Bbitrix.sitecorporate%2C15.5.0%2CN%3Bbitrix.siteinfoportal%2C15.5.0%2CN%3Bbitrix.sitepersonal%2C15.5.0%2CN%3Bbitrixcloud%2C23.0.0%2CN%3Bblog%2C23.100.0%2CN%3Bclouds%2C23.100.0%2CN%3Bfileman%2C23.300.0%2CN%3Bform%2C23.0.0%2CN%3Bforum%2C23.400.0%2CN%3Bhighloadblock%2C23.100.0%2CN%3Biblock%2C23.400.0%2CN%3Blanding%2C23.1300.200%2CN%3Blocation%2C23.300.0%2CN%3Bmessageservice%2C24.0.0%2CN%3Bmobileapp%2C23.200.0%2CN%3Bperfmon%2C23.100.0%2CN%3Bphotogallery%2C23.0.0%2CN%3Brest%2C23.300.100%2CN%3Bscale%2C21.0.0%2CN%3Bsearch%2C23.0.0%2CN%3Bsecurity%2C23.200.100%2CN%3Bseo%2C23.500.0%2CN%3Bsocialservices%2C24.0.100%2CN%3Bsubscribe%2C23.100.0%2CN%3Btranslate%2C23.400.0%2CN%3Bui%2C23.550.0%2CN%3Bvote%2C23.300.0%2CN&reqm=bitrix.sitecorporate%2Cbitrix.siteinfoportal%2Cbitrix.sitepersonal%2Colegpro.csscompiler&SUPD_SRS=RU&SUPD_CMP=N
2024-03-03 00:43:52 -  - exec CUpdateClientPartner::GetHTTPPage
2024-03-03 00:43:52 -  - TIME GetUpdatesList(request) 0.148 sec
2024-03-03 00:43:52 -  - exec CUpdateClientPartner::ParseServerData
2024-03-03 00:44:48 -  - exec CUpdateClientPartner::LoadModulesUpdates
2024-03-03 00:44:48 -  - exec CUpdateClientPartner::__CollectRequestData
2024-03-03 00:44:48 -  - utf=Y&lang=ru&stable=Y&CANGZIP=Y&SUPD_DBS=MYSQL&XE=N&CLIENT_SITE=bitrixxx&LICENSE_KEY=X&SUPD_STS=1&SUPD_URS=0&TYPENC=D&CLIENT_PHPVER=8.1.9&NGINX=Y&dbv=8.0.30&instm=main%2C23.900.600%2CY%3Bb24connector%2C22.0.0%2CN%3Bbitrix.sitecorporate%2C15.5.0%2CN%3Bbitrix.siteinfoportal%2C15.5.0%2CN%3Bbitrix.sitepersonal%2C15.5.0%2CN%3Bbitrixcloud%2C23.0.0%2CN%3Bblog%2C23.100.0%2CN%3Bclouds%2C23.100.0%2CN%3Bfileman%2C23.300.0%2CN%3Bform%2C23.0.0%2CN%3Bforum%2C23.400.0%2CN%3Bhighloadblock%2C23.100.0%2CN%3Biblock%2C23.400.0%2CN%3Blanding%2C23.1300.200%2CN%3Blocation%2C23.300.0%2CN%3Bmessageservice%2C24.0.0%2CN%3Bmobileapp%2C23.200.0%2CN%3Bperfmon%2C23.100.0%2CN%3Bphotogallery%2C23.0.0%2CN%3Brest%2C23.300.100%2CN%3Bscale%2C21.0.0%2CN%3Bsearch%2C23.0.0%2CN%3Bsecurity%2C23.200.100%2CN%3Bseo%2C23.500.0%2CN%3Bsocialservices%2C24.0.100%2CN%3Bsubscribe%2C23.100.0%2CN%3Btranslate%2C23.400.0%2CN%3Bui%2C23.550.0%2CN%3Bvote%2C23.300.0%2CN&reqm=olegpro.csscompiler&lim=Y&SUPD_SRS=RU&SUPD_CMP=N
2024-03-03 00:44:48 -  - exec CUpdateClientPartner::GetHTTPPage
2024-03-03 00:44:48 -  - TIME LoadModulesUpdates(request) 0.136 sec
2024-03-03 00:44:48 -  - exec CUpdateClientPartner::ParseServerData
2024-03-03 00:44:48 - S - STEP
2024-03-03 00:44:48 - LMU01 - LoadModulesUpdates-Step
2024-03-03 00:44:48 -  - exec CUpdateClientPartner::LoadModulesUpdates
2024-03-03 00:44:48 -  - exec CUpdateClientPartner::ParseServerData
2024-03-03 00:44:48 -  - loadFile
2024-03-03 00:44:48 - U - RETURN
2024-03-03 00:44:48 -  - exec CUpdateClientPartner::UnGzipArchive
2024-03-03 00:44:49 -  - TIME UnGzipArchive 0.175 sec
2024-03-03 00:44:49 -  - TIME UpdateStepModules 0.039 sec
2024-03-03 00:44:49 - UPD_SUCCESS - Updated: olegpro.csscompiler
2024-03-03 00:44:49 -  - exec CUpdateClientPartner::LoadModulesUpdates
2024-03-03 00:44:49 -  - exec CUpdateClientPartner::__CollectRequestData
2024-03-03 00:44:49 -  - utf=Y&lang=ru&stable=Y&CANGZIP=Y&SUPD_DBS=MYSQL&XE=N&CLIENT_SITE=bitrixxx&LICENSE_KEY=X&SUPD_STS=1&SUPD_URS=0&TYPENC=D&CLIENT_PHPVER=8.1.9&NGINX=Y&dbv=8.0.30&instm=main%2C23.900.600%2CY%3Bb24connector%2C22.0.0%2CN%3Bbitrix.sitecorporate%2C15.5.0%2CN%3Bbitrix.siteinfoportal%2C15.5.0%2CN%3Bbitrix.sitepersonal%2C15.5.0%2CN%3Bbitrixcloud%2C23.0.0%2CN%3Bblog%2C23.100.0%2CN%3Bclouds%2C23.100.0%2CN%3Bfileman%2C23.300.0%2CN%3Bform%2C23.0.0%2CN%3Bforum%2C23.400.0%2CN%3Bhighloadblock%2C23.100.0%2CN%3Biblock%2C23.400.0%2CN%3Blanding%2C23.1300.200%2CN%3Blocation%2C23.300.0%2CN%3Bmessageservice%2C24.0.0%2CN%3Bmobileapp%2C23.200.0%2CN%3Bolegpro.csscompiler%2C1.0.0%2CN%3Bperfmon%2C23.100.0%2CN%3Bphotogallery%2C23.0.0%2CN%3Brest%2C23.300.100%2CN%3Bscale%2C21.0.0%2CN%3Bsearch%2C23.0.0%2CN%3Bsecurity%2C23.200.100%2CN%3Bseo%2C23.500.0%2CN%3Bsocialservices%2C24.0.100%2CN%3Bsubscribe%2C23.100.0%2CN%3Btranslate%2C23.400.0%2CN%3Bui%2C23.550.0%2CN%3Bvote%2C23.300.0%2CN&reqm=olegpro.csscompiler&lim=Y&SUPD_SRS=RU&SUPD_CMP=N
2024-03-03 00:44:49 -  - exec CUpdateClientPartner::GetHTTPPage
2024-03-03 00:44:49 -  - TIME LoadModulesUpdates(request) 0.15 sec
2024-03-03 00:44:49 -  - exec CUpdateClientPartner::ParseServerData
2024-03-03 00:44:49 - S - STEP
2024-03-03 00:44:49 - LMU01 - LoadModulesUpdates-Step
2024-03-03 00:44:49 -  - exec CUpdateClientPartner::LoadModulesUpdates
2024-03-03 00:44:49 -  - exec CUpdateClientPartner::ParseServerData
2024-03-03 00:44:49 -  - loadFile
2024-03-03 00:44:49 - U - RETURN
2024-03-03 00:44:49 -  - exec CUpdateClientPartner::UnGzipArchive
2024-03-03 00:44:49 -  - TIME UnGzipArchive 0.041 sec
2024-03-03 00:44:49 -  - TIME UpdateStepModules 0.039 sec
2024-03-03 00:44:49 - UPD_SUCCESS - Updated: olegpro.csscompiler (1.0.1)<br>- Добавил класс \\Olegpro\\Csscompiler\\LessCompiler для компиляции Less
2024-03-03 00:44:49 -  - exec CUpdateClientPartner::LoadModulesUpdates
2024-03-03 00:44:49 -  - exec CUpdateClientPartner::__CollectRequestData
2024-03-03 00:44:49 -  - utf=Y&lang=ru&stable=Y&CANGZIP=Y&SUPD_DBS=MYSQL&XE=N&CLIENT_SITE=bitrixxx&LICENSE_KEY=X&SUPD_STS=1&SUPD_URS=0&TYPENC=D&CLIENT_PHPVER=8.1.9&NGINX=Y&dbv=8.0.30&instm=main%2C23.900.600%2CY%3Bb24connector%2C22.0.0%2CN%3Bbitrix.sitecorporate%2C15.5.0%2CN%3Bbitrix.siteinfoportal%2C15.5.0%2CN%3Bbitrix.sitepersonal%2C15.5.0%2CN%3Bbitrixcloud%2C23.0.0%2CN%3Bblog%2C23.100.0%2CN%3Bclouds%2C23.100.0%2CN%3Bfileman%2C23.300.0%2CN%3Bform%2C23.0.0%2CN%3Bforum%2C23.400.0%2CN%3Bhighloadblock%2C23.100.0%2CN%3Biblock%2C23.400.0%2CN%3Blanding%2C23.1300.200%2CN%3Blocation%2C23.300.0%2CN%3Bmessageservice%2C24.0.0%2CN%3Bmobileapp%2C23.200.0%2CN%3Bolegpro.csscompiler%2C1.0.1%2CN%3Bperfmon%2C23.100.0%2CN%3Bphotogallery%2C23.0.0%2CN%3Brest%2C23.300.100%2CN%3Bscale%2C21.0.0%2CN%3Bsearch%2C23.0.0%2CN%3Bsecurity%2C23.200.100%2CN%3Bseo%2C23.500.0%2CN%3Bsocialservices%2C24.0.100%2CN%3Bsubscribe%2C23.100.0%2CN%3Btranslate%2C23.400.0%2CN%3Bui%2C23.550.0%2CN%3Bvote%2C23.300.0%2CN&reqm=olegpro.csscompiler&lim=Y&SUPD_SRS=RU&SUPD_CMP=N
2024-03-03 00:44:49 -  - exec CUpdateClientPartner::GetHTTPPage
2024-03-03 00:44:50 -  - TIME LoadModulesUpdates(request) 0.17 sec
2024-03-03 00:44:50 -  - exec CUpdateClientPartner::ParseServerData
2024-03-03 00:44:50 - S - STEP
2024-03-03 00:44:50 - LMU01 - LoadModulesUpdates-Step
2024-03-03 00:44:50 -  - exec CUpdateClientPartner::LoadModulesUpdates
2024-03-03 00:44:50 -  - exec CUpdateClientPartner::ParseServerData
2024-03-03 00:44:50 -  - loadFile
2024-03-03 00:44:50 - U - RETURN
2024-03-03 00:44:50 -  - exec CUpdateClientPartner::UnGzipArchive
2024-03-03 00:44:50 -  - TIME UnGzipArchive 0.029 sec
2024-03-03 00:44:50 -  - TIME UpdateStepModules 0.003 sec
2024-03-03 00:44:50 - UPD_SUCCESS - Updated: olegpro.csscompiler (1.0.2)<br>Исправлены ошибки добавления класса LessCompiler
2024-03-03 00:44:50 -  - exec CUpdateClientPartner::LoadModulesUpdates
2024-03-03 00:44:50 -  - exec CUpdateClientPartner::__CollectRequestData
2024-03-03 00:44:50 -  - utf=Y&lang=ru&stable=Y&CANGZIP=Y&SUPD_DBS=MYSQL&XE=N&CLIENT_SITE=bitrixxx&LICENSE_KEY=X&SUPD_STS=1&SUPD_URS=0&TYPENC=D&CLIENT_PHPVER=8.1.9&NGINX=Y&dbv=8.0.30&instm=main%2C23.900.600%2CY%3Bb24connector%2C22.0.0%2CN%3Bbitrix.sitecorporate%2C15.5.0%2CN%3Bbitrix.siteinfoportal%2C15.5.0%2CN%3Bbitrix.sitepersonal%2C15.5.0%2CN%3Bbitrixcloud%2C23.0.0%2CN%3Bblog%2C23.100.0%2CN%3Bclouds%2C23.100.0%2CN%3Bfileman%2C23.300.0%2CN%3Bform%2C23.0.0%2CN%3Bforum%2C23.400.0%2CN%3Bhighloadblock%2C23.100.0%2CN%3Biblock%2C23.400.0%2CN%3Blanding%2C23.1300.200%2CN%3Blocation%2C23.300.0%2CN%3Bmessageservice%2C24.0.0%2CN%3Bmobileapp%2C23.200.0%2CN%3Bolegpro.csscompiler%2C1.0.2%2CN%3Bperfmon%2C23.100.0%2CN%3Bphotogallery%2C23.0.0%2CN%3Brest%2C23.300.100%2CN%3Bscale%2C21.0.0%2CN%3Bsearch%2C23.0.0%2CN%3Bsecurity%2C23.200.100%2CN%3Bseo%2C23.500.0%2CN%3Bsocialservices%2C24.0.100%2CN%3Bsubscribe%2C23.100.0%2CN%3Btranslate%2C23.400.0%2CN%3Bui%2C23.550.0%2CN%3Bvote%2C23.300.0%2CN&reqm=olegpro.csscompiler&lim=Y&SUPD_SRS=RU&SUPD_CMP=N
2024-03-03 00:44:50 -  - exec CUpdateClientPartner::GetHTTPPage
2024-03-03 00:44:50 -  - TIME LoadModulesUpdates(request) 0.16 sec
2024-03-03 00:44:50 -  - exec CUpdateClientPartner::ParseServerData
2024-03-03 00:44:50 - S - STEP
2024-03-03 00:44:50 - LMU01 - LoadModulesUpdates-Step
2024-03-03 00:44:50 -  - exec CUpdateClientPartner::LoadModulesUpdates
2024-03-03 00:44:50 -  - exec CUpdateClientPartner::ParseServerData
2024-03-03 00:44:50 -  - loadFile
2024-03-03 00:44:50 - U - RETURN
2024-03-03 00:44:50 -  - exec CUpdateClientPartner::UnGzipArchive
2024-03-03 00:44:50 -  - TIME UnGzipArchive 0.052 sec
2024-03-03 00:44:50 - CSURUS1 - Run updater '/bitrix/updates/update_m1709415890/olegpro.csscompiler/updater1.0.3.php'
2024-03-03 00:44:50 -  - TIME UpdateStepModules 0.006 sec
2024-03-03 00:44:50 - UPD_SUCCESS - Updated: olegpro.csscompiler (1.0.3)<br>Добавил сообщение в сформированный файл стилей о том, что его не нужно править.
2024-03-03 00:44:51 -  - exec CUpdateClientPartner::LoadModulesUpdates
2024-03-03 00:44:51 -  - exec CUpdateClientPartner::__CollectRequestData
2024-03-03 00:44:51 -  - utf=Y&lang=ru&stable=Y&CANGZIP=Y&SUPD_DBS=MYSQL&XE=N&CLIENT_SITE=bitrixxx&LICENSE_KEY=X&SUPD_STS=1&SUPD_URS=0&TYPENC=D&CLIENT_PHPVER=8.1.9&NGINX=Y&dbv=8.0.30&instm=main%2C23.900.600%2CY%3Bb24connector%2C22.0.0%2CN%3Bbitrix.sitecorporate%2C15.5.0%2CN%3Bbitrix.siteinfoportal%2C15.5.0%2CN%3Bbitrix.sitepersonal%2C15.5.0%2CN%3Bbitrixcloud%2C23.0.0%2CN%3Bblog%2C23.100.0%2CN%3Bclouds%2C23.100.0%2CN%3Bfileman%2C23.300.0%2CN%3Bform%2C23.0.0%2CN%3Bforum%2C23.400.0%2CN%3Bhighloadblock%2C23.100.0%2CN%3Biblock%2C23.400.0%2CN%3Blanding%2C23.1300.200%2CN%3Blocation%2C23.300.0%2CN%3Bmessageservice%2C24.0.0%2CN%3Bmobileapp%2C23.200.0%2CN%3Bolegpro.csscompiler%2C1.0.3%2CN%3Bperfmon%2C23.100.0%2CN%3Bphotogallery%2C23.0.0%2CN%3Brest%2C23.300.100%2CN%3Bscale%2C21.0.0%2CN%3Bsearch%2C23.0.0%2CN%3Bsecurity%2C23.200.100%2CN%3Bseo%2C23.500.0%2CN%3Bsocialservices%2C24.0.100%2CN%3Bsubscribe%2C23.100.0%2CN%3Btranslate%2C23.400.0%2CN%3Bui%2C23.550.0%2CN%3Bvote%2C23.300.0%2CN&reqm=olegpro.csscompiler&lim=Y&SUPD_SRS=RU&SUPD_CMP=N
2024-03-03 00:44:51 -  - exec CUpdateClientPartner::GetHTTPPage
2024-03-03 00:44:51 -  - TIME LoadModulesUpdates(request) 0.156 sec
2024-03-03 00:44:51 -  - exec CUpdateClientPartner::ParseServerData
2024-03-03 00:44:51 - S - STEP
2024-03-03 00:44:51 - LMU01 - LoadModulesUpdates-Step
2024-03-03 00:44:51 -  - exec CUpdateClientPartner::LoadModulesUpdates
2024-03-03 00:44:51 -  - exec CUpdateClientPartner::ParseServerData
2024-03-03 00:44:51 -  - loadFile
2024-03-03 00:44:51 - U - RETURN
2024-03-03 00:44:51 -  - exec CUpdateClientPartner::UnGzipArchive
2024-03-03 00:44:51 -  - TIME UnGzipArchive 0.441 sec
2024-03-03 00:44:52 -  - TIME UpdateStepModules 0.138 sec
2024-03-03 00:44:52 - UPD_SUCCESS - Updated: olegpro.csscompiler (1.1.0)<br>- Обновление библиотеки scssphp до версии 0.5.1 - Обновлён класс \\Olegpro\\Csscompiler\\SCSSCompiler. Добавлена поддержка окружения в классе \\Olegpro\\Csscompiler\\SCSSCompiler. Для dev-окружения стили компилируются развёрнуто, с путём и строкой до исходного scss-файла. Dev-окружение определяется по принципу in_array(strtolower($_SERVER[\'ENV\']), array(\'dev\', \'demo\'))
2024-03-03 00:44:52 -  - exec CUpdateClientPartner::LoadModulesUpdates
2024-03-03 00:44:52 -  - exec CUpdateClientPartner::__CollectRequestData
2024-03-03 00:44:52 -  - utf=Y&lang=ru&stable=Y&CANGZIP=Y&SUPD_DBS=MYSQL&XE=N&CLIENT_SITE=bitrixxx&LICENSE_KEY=X&SUPD_STS=1&SUPD_URS=0&TYPENC=D&CLIENT_PHPVER=8.1.9&NGINX=Y&dbv=8.0.30&instm=main%2C23.900.600%2CY%3Bb24connector%2C22.0.0%2CN%3Bbitrix.sitecorporate%2C15.5.0%2CN%3Bbitrix.siteinfoportal%2C15.5.0%2CN%3Bbitrix.sitepersonal%2C15.5.0%2CN%3Bbitrixcloud%2C23.0.0%2CN%3Bblog%2C23.100.0%2CN%3Bclouds%2C23.100.0%2CN%3Bfileman%2C23.300.0%2CN%3Bform%2C23.0.0%2CN%3Bforum%2C23.400.0%2CN%3Bhighloadblock%2C23.100.0%2CN%3Biblock%2C23.400.0%2CN%3Blanding%2C23.1300.200%2CN%3Blocation%2C23.300.0%2CN%3Bmessageservice%2C24.0.0%2CN%3Bmobileapp%2C23.200.0%2CN%3Bolegpro.csscompiler%2C1.1.0%2CN%3Bperfmon%2C23.100.0%2CN%3Bphotogallery%2C23.0.0%2CN%3Brest%2C23.300.100%2CN%3Bscale%2C21.0.0%2CN%3Bsearch%2C23.0.0%2CN%3Bsecurity%2C23.200.100%2CN%3Bseo%2C23.500.0%2CN%3Bsocialservices%2C24.0.100%2CN%3Bsubscribe%2C23.100.0%2CN%3Btranslate%2C23.400.0%2CN%3Bui%2C23.550.0%2CN%3Bvote%2C23.300.0%2CN&reqm=olegpro.csscompiler&lim=Y&SUPD_SRS=RU&SUPD_CMP=N
2024-03-03 00:44:52 -  - exec CUpdateClientPartner::GetHTTPPage
2024-03-03 00:44:52 -  - TIME LoadModulesUpdates(request) 0.139 sec
2024-03-03 00:44:52 -  - exec CUpdateClientPartner::ParseServerData
2024-03-03 00:44:52 - S - STEP
2024-03-03 00:44:52 - LMU01 - LoadModulesUpdates-Step
2024-03-03 00:44:52 -  - exec CUpdateClientPartner::LoadModulesUpdates
2024-03-03 00:44:52 -  - exec CUpdateClientPartner::ParseServerData
2024-03-03 00:44:52 -  - loadFile
2024-03-03 00:44:52 - U - RETURN
2024-03-03 00:44:52 -  - exec CUpdateClientPartner::UnGzipArchive
2024-03-03 00:44:53 -  - TIME UnGzipArchive 0.544 sec
2024-03-03 00:44:53 - CSURUS1 - Run updater '/bitrix/updates/update_m1709415892/olegpro.csscompiler/updater1.2.0.php'
2024-03-03 00:44:53 -  - TIME UpdateStepModules 0.194 sec
2024-03-03 00:44:53 - UPD_SUCCESS - Updated: olegpro.csscompiler (1.2.0)<br>1. Рефакторинг компонента olegpro:olegpro.csscompiler и файлов модуля: - поиск измененных файлов теперь будет осуществляться во всех вложенных папках указанной папки с исходниками файлов - класс компилятора теперь инициализируется, только если нужно перекомпилировать файлы 2. scssphp обновлён до версии 0.6.2
2024-03-03 00:44:53 -  - exec CUpdateClientPartner::LoadModulesUpdates
2024-03-03 00:44:53 -  - exec CUpdateClientPartner::__CollectRequestData
2024-03-03 00:44:53 -  - utf=Y&lang=ru&stable=Y&CANGZIP=Y&SUPD_DBS=MYSQL&XE=N&CLIENT_SITE=bitrixxx&LICENSE_KEY=X&SUPD_STS=1&SUPD_URS=0&TYPENC=D&CLIENT_PHPVER=8.1.9&NGINX=Y&dbv=8.0.30&instm=main%2C23.900.600%2CY%3Bb24connector%2C22.0.0%2CN%3Bbitrix.sitecorporate%2C15.5.0%2CN%3Bbitrix.siteinfoportal%2C15.5.0%2CN%3Bbitrix.sitepersonal%2C15.5.0%2CN%3Bbitrixcloud%2C23.0.0%2CN%3Bblog%2C23.100.0%2CN%3Bclouds%2C23.100.0%2CN%3Bfileman%2C23.300.0%2CN%3Bform%2C23.0.0%2CN%3Bforum%2C23.400.0%2CN%3Bhighloadblock%2C23.100.0%2CN%3Biblock%2C23.400.0%2CN%3Blanding%2C23.1300.200%2CN%3Blocation%2C23.300.0%2CN%3Bmessageservice%2C24.0.0%2CN%3Bmobileapp%2C23.200.0%2CN%3Bolegpro.csscompiler%2C1.2.0%2CN%3Bperfmon%2C23.100.0%2CN%3Bphotogallery%2C23.0.0%2CN%3Brest%2C23.300.100%2CN%3Bscale%2C21.0.0%2CN%3Bsearch%2C23.0.0%2CN%3Bsecurity%2C23.200.100%2CN%3Bseo%2C23.500.0%2CN%3Bsocialservices%2C24.0.100%2CN%3Bsubscribe%2C23.100.0%2CN%3Btranslate%2C23.400.0%2CN%3Bui%2C23.550.0%2CN%3Bvote%2C23.300.0%2CN&reqm=olegpro.csscompiler&lim=Y&SUPD_SRS=RU&SUPD_CMP=N
2024-03-03 00:44:53 -  - exec CUpdateClientPartner::GetHTTPPage
2024-03-03 00:44:53 -  - TIME LoadModulesUpdates(request) 0.173 sec
2024-03-03 00:44:53 -  - exec CUpdateClientPartner::ParseServerData
2024-03-03 00:44:53 - S - STEP
2024-03-03 00:44:53 - LMU01 - LoadModulesUpdates-Step
2024-03-03 00:44:53 -  - exec CUpdateClientPartner::LoadModulesUpdates
2024-03-03 00:44:53 -  - exec CUpdateClientPartner::ParseServerData
2024-03-03 00:44:53 -  - loadFile
2024-03-03 00:44:54 - U - RETURN
2024-03-03 00:44:54 -  - exec CUpdateClientPartner::UnGzipArchive
2024-03-03 00:44:54 -  - TIME UnGzipArchive 0.146 sec
2024-03-03 00:44:54 -  - TIME UpdateStepModules 0.149 sec
2024-03-03 00:44:54 - UPD_SUCCESS - Updated: olegpro.csscompiler (1.2.1)<br>Библиотека scssphp обновлена до версии 0.6.5
2024-03-03 00:44:54 -  - exec CUpdateClientPartner::LoadModulesUpdates
2024-03-03 00:44:54 -  - exec CUpdateClientPartner::__CollectRequestData
2024-03-03 00:44:54 -  - utf=Y&lang=ru&stable=Y&CANGZIP=Y&SUPD_DBS=MYSQL&XE=N&CLIENT_SITE=bitrixxx&LICENSE_KEY=X&SUPD_STS=1&SUPD_URS=0&TYPENC=D&CLIENT_PHPVER=8.1.9&NGINX=Y&dbv=8.0.30&instm=main%2C23.900.600%2CY%3Bb24connector%2C22.0.0%2CN%3Bbitrix.sitecorporate%2C15.5.0%2CN%3Bbitrix.siteinfoportal%2C15.5.0%2CN%3Bbitrix.sitepersonal%2C15.5.0%2CN%3Bbitrixcloud%2C23.0.0%2CN%3Bblog%2C23.100.0%2CN%3Bclouds%2C23.100.0%2CN%3Bfileman%2C23.300.0%2CN%3Bform%2C23.0.0%2CN%3Bforum%2C23.400.0%2CN%3Bhighloadblock%2C23.100.0%2CN%3Biblock%2C23.400.0%2CN%3Blanding%2C23.1300.200%2CN%3Blocation%2C23.300.0%2CN%3Bmessageservice%2C24.0.0%2CN%3Bmobileapp%2C23.200.0%2CN%3Bolegpro.csscompiler%2C1.2.1%2CN%3Bperfmon%2C23.100.0%2CN%3Bphotogallery%2C23.0.0%2CN%3Brest%2C23.300.100%2CN%3Bscale%2C21.0.0%2CN%3Bsearch%2C23.0.0%2CN%3Bsecurity%2C23.200.100%2CN%3Bseo%2C23.500.0%2CN%3Bsocialservices%2C24.0.100%2CN%3Bsubscribe%2C23.100.0%2CN%3Btranslate%2C23.400.0%2CN%3Bui%2C23.550.0%2CN%3Bvote%2C23.300.0%2CN&reqm=olegpro.csscompiler&lim=Y&SUPD_SRS=RU&SUPD_CMP=N
2024-03-03 00:44:54 -  - exec CUpdateClientPartner::GetHTTPPage
2024-03-03 00:44:54 -  - TIME LoadModulesUpdates(request) 0.16 sec
2024-03-03 00:44:54 -  - exec CUpdateClientPartner::ParseServerData
2024-03-03 00:44:54 - STEP - Finish - NOUPDATES
2024-03-03 00:44:54 - STEP - Finish - NOUPDATES
2024-03-03 00:47:18 -  - exec CUpdateClientPartner::GetUpdatesList
2024-03-03 00:47:18 -  - exec CUpdateClientPartner::__CollectRequestData
2024-03-03 00:47:18 -  - utf=Y&lang=ru&stable=Y&CANGZIP=Y&SUPD_DBS=MYSQL&XE=N&CLIENT_SITE=bitrixxx&LICENSE_KEY=X&SUPD_STS=1&SUPD_URS=0&TYPENC=D&CLIENT_PHPVER=8.1.9&NGINX=Y&dbv=8.0.30&instm=main%2C23.900.600%2CY%3Bb24connector%2C22.0.0%2CN%3Bbitrix.sitecorporate%2C15.5.0%2CN%3Bbitrix.siteinfoportal%2C15.5.0%2CN%3Bbitrix.sitepersonal%2C15.5.0%2CN%3Bbitrixcloud%2C23.0.0%2CN%3Bblog%2C23.100.0%2CN%3Bclouds%2C23.100.0%2CN%3Bfileman%2C23.300.0%2CN%3Bform%2C23.0.0%2CN%3Bforum%2C23.400.0%2CN%3Bhighloadblock%2C23.100.0%2CN%3Biblock%2C23.400.0%2CN%3Blanding%2C23.1300.200%2CN%3Blocation%2C23.300.0%2CN%3Bmessageservice%2C24.0.0%2CN%3Bmobileapp%2C23.200.0%2CN%3Bolegpro.csscompiler%2C1.2.1%2CN%3Bperfmon%2C23.100.0%2CN%3Bphotogallery%2C23.0.0%2CN%3Brest%2C23.300.100%2CN%3Bscale%2C21.0.0%2CN%3Bsearch%2C23.0.0%2CN%3Bsecurity%2C23.200.100%2CN%3Bseo%2C23.500.0%2CN%3Bsocialservices%2C24.0.100%2CN%3Bsubscribe%2C23.100.0%2CN%3Btranslate%2C23.400.0%2CN%3Bui%2C23.550.0%2CN%3Bvote%2C23.300.0%2CN&reqm=bitrix.sitecorporate%2Cbitrix.siteinfoportal%2Cbitrix.sitepersonal%2Colegpro.csscompiler&fullmoduleinfo=Y&SUPD_SRS=RU&SUPD_CMP=N
2024-03-03 00:47:18 -  - exec CUpdateClientPartner::GetHTTPPage
2024-03-03 00:47:18 -  - TIME GetUpdatesList(request) 0.243 sec
2024-03-03 00:47:18 -  - exec CUpdateClientPartner::ParseServerData
2024-03-03 00:47:18 -  - exec CUpdateClientPartner::GetUpdatesList
2024-03-03 00:47:18 -  - exec CUpdateClientPartner::__CollectRequestData
2024-03-03 00:47:18 -  - utf=Y&lang=ru&stable=Y&CANGZIP=Y&SUPD_DBS=MYSQL&XE=N&CLIENT_SITE=bitrixxx&LICENSE_KEY=X&SUPD_STS=1&SUPD_URS=0&TYPENC=D&CLIENT_PHPVER=8.1.9&NGINX=Y&dbv=8.0.30&instm=main%2C23.900.600%2CY%3Bb24connector%2C22.0.0%2CN%3Bbitrix.sitecorporate%2C15.5.0%2CN%3Bbitrix.siteinfoportal%2C15.5.0%2CN%3Bbitrix.sitepersonal%2C15.5.0%2CN%3Bbitrixcloud%2C23.0.0%2CN%3Bblog%2C23.100.0%2CN%3Bclouds%2C23.100.0%2CN%3Bfileman%2C23.300.0%2CN%3Bform%2C23.0.0%2CN%3Bforum%2C23.400.0%2CN%3Bhighloadblock%2C23.100.0%2CN%3Biblock%2C23.400.0%2CN%3Blanding%2C23.1300.200%2CN%3Blocation%2C23.300.0%2CN%3Bmessageservice%2C24.0.0%2CN%3Bmobileapp%2C23.200.0%2CN%3Bolegpro.csscompiler%2C1.2.1%2CN%3Bperfmon%2C23.100.0%2CN%3Bphotogallery%2C23.0.0%2CN%3Brest%2C23.300.100%2CN%3Bscale%2C21.0.0%2CN%3Bsearch%2C23.0.0%2CN%3Bsecurity%2C23.200.100%2CN%3Bseo%2C23.500.0%2CN%3Bsocialservices%2C24.0.100%2CN%3Bsubscribe%2C23.100.0%2CN%3Btranslate%2C23.400.0%2CN%3Bui%2C23.550.0%2CN%3Bvote%2C23.300.0%2CN&reqm=bitrix.sitecorporate%2Cbitrix.siteinfoportal%2Cbitrix.sitepersonal%2Colegpro.csscompiler&fullmoduleinfo=Y&SUPD_SRS=RU&SUPD_CMP=N
2024-03-03 00:47:18 -  - exec CUpdateClientPartner::GetHTTPPage
2024-03-03 00:47:18 -  - TIME GetUpdatesList(request) 0.148 sec
2024-03-03 00:47:18 -  - exec CUpdateClientPartner::ParseServerData
2024-03-03 00:48:20 -  - exec CUpdateClientPartner::GetUpdatesList
2024-03-03 00:48:20 -  - exec CUpdateClientPartner::__CollectRequestData
2024-03-03 00:48:20 -  - utf=Y&lang=ru&stable=Y&CANGZIP=Y&SUPD_DBS=MYSQL&XE=N&CLIENT_SITE=bitrixxx&LICENSE_KEY=X&SUPD_STS=1&SUPD_URS=0&TYPENC=D&CLIENT_PHPVER=8.1.9&NGINX=Y&dbv=8.0.30&instm=main%2C23.900.600%2CY%3Bb24connector%2C22.0.0%2CN%3Bbitrix.sitecorporate%2C15.5.0%2CN%3Bbitrix.siteinfoportal%2C15.5.0%2CN%3Bbitrix.sitepersonal%2C15.5.0%2CN%3Bbitrixcloud%2C23.0.0%2CN%3Bblog%2C23.100.0%2CN%3Bclouds%2C23.100.0%2CN%3Bfileman%2C23.300.0%2CN%3Bform%2C23.0.0%2CN%3Bforum%2C23.400.0%2CN%3Bhighloadblock%2C23.100.0%2CN%3Biblock%2C23.400.0%2CN%3Blanding%2C23.1300.200%2CN%3Blocation%2C23.300.0%2CN%3Bmessageservice%2C24.0.0%2CN%3Bmobileapp%2C23.200.0%2CN%3Bolegpro.csscompiler%2C1.2.1%2CN%3Bperfmon%2C23.100.0%2CN%3Bphotogallery%2C23.0.0%2CN%3Brest%2C23.300.100%2CN%3Bscale%2C21.0.0%2CN%3Bsearch%2C23.0.0%2CN%3Bsecurity%2C23.200.100%2CN%3Bseo%2C23.500.0%2CN%3Bsocialservices%2C24.0.100%2CN%3Bsubscribe%2C23.100.0%2CN%3Btranslate%2C23.400.0%2CN%3Bui%2C23.550.0%2CN%3Bvote%2C23.300.0%2CN&reqm=bitrix.sitecorporate%2Cbitrix.siteinfoportal%2Cbitrix.sitepersonal%2Colegpro.csscompiler%2Colegpro.csscompiler&SUPD_SRS=RU&SUPD_CMP=N
2024-03-03 00:48:20 -  - exec CUpdateClientPartner::GetHTTPPage
2024-03-03 00:48:20 -  - TIME GetUpdatesList(request) 0.189 sec
2024-03-03 00:48:20 -  - exec CUpdateClientPartner::ParseServerData
2024-03-03 23:29:44 -  - exec CUpdateClientPartner::__CollectRequestData
2024-03-03 23:29:44 -  - exec CUpdateClientPartner::GetHTTPPage
2024-03-03 23:29:44 -  - exec CUpdateClientPartner::ParseServerData
2024-03-03 23:29:45 -  - exec CUpdateClientPartner::GetUpdatesList
2024-03-03 23:29:45 -  - exec CUpdateClientPartner::__CollectRequestData
2024-03-03 23:29:45 -  - utf=Y&lang=ru&stable=Y&CANGZIP=Y&SUPD_DBS=MYSQL&XE=N&CLIENT_SITE=bitrixxx&LICENSE_KEY=X&SUPD_STS=1&SUPD_URS=0&TYPENC=D&CLIENT_PHPVER=8.1.9&NGINX=Y&dbv=8.0.30&instm=main%2C23.900.600%2CY%3Bb24connector%2C22.0.0%2CN%3Bbitrix.sitecorporate%2C15.5.0%2CN%3Bbitrix.siteinfoportal%2C15.5.0%2CN%3Bbitrix.sitepersonal%2C15.5.0%2CN%3Bbitrixcloud%2C23.0.0%2CN%3Bblog%2C23.100.0%2CN%3Bclouds%2C23.100.0%2CN%3Bfileman%2C23.300.0%2CN%3Bform%2C23.0.0%2CN%3Bforum%2C23.400.0%2CN%3Bhighloadblock%2C23.100.0%2CN%3Biblock%2C23.400.0%2CN%3Blanding%2C23.1300.200%2CN%3Blocation%2C23.300.0%2CN%3Bmessageservice%2C24.0.0%2CN%3Bmobileapp%2C23.200.0%2CN%3Bolegpro.csscompiler%2C1.2.1%2CN%3Bperfmon%2C23.100.0%2CN%3Bphotogallery%2C23.0.0%2CN%3Brest%2C23.300.100%2CN%3Bscale%2C21.0.0%2CN%3Bsearch%2C23.0.0%2CN%3Bsecurity%2C23.200.100%2CN%3Bseo%2C23.500.0%2CN%3Bsocialservices%2C24.0.100%2CN%3Bsubscribe%2C23.100.0%2CN%3Btranslate%2C23.400.0%2CN%3Bui%2C23.550.0%2CN%3Bvote%2C23.300.0%2CN&reqm=bitrix.sitecorporate%2Cbitrix.siteinfoportal%2Cbitrix.sitepersonal%2Colegpro.csscompiler&fullmoduleinfo=Y&SUPD_SRS=RU&SUPD_CMP=N
2024-03-03 23:29:45 -  - exec CUpdateClientPartner::GetHTTPPage
2024-03-03 23:29:45 -  - TIME GetUpdatesList(request) 0.133 sec
2024-03-03 23:29:45 -  - exec CUpdateClientPartner::ParseServerData
2024-03-03 23:29:45 -  - exec CUpdateClientPartner::__CollectRequestData
2024-03-03 23:29:45 -  - exec CUpdateClientPartner::GetHTTPPage
2024-03-03 23:29:45 -  - exec CUpdateClientPartner::ParseServerData
2024-03-04 12:17:23 -  - exec CUpdateClientPartner::GetUpdatesList
2024-03-04 12:17:23 -  - exec CUpdateClientPartner::__CollectRequestData
2024-03-04 12:17:23 -  - utf=Y&lang=ru&stable=Y&CANGZIP=Y&SUPD_DBS=MYSQL&XE=N&CLIENT_SITE=bitrixxx&LICENSE_KEY=X&SUPD_STS=1&SUPD_URS=0&TYPENC=D&CLIENT_PHPVER=8.1.9&NGINX=Y&dbv=8.0.30&instm=main%2C23.900.600%2CY%3Bb24connector%2C22.0.0%2CN%3Bbitrix.sitecorporate%2C15.5.0%2CN%3Bbitrix.siteinfoportal%2C15.5.0%2CN%3Bbitrix.sitepersonal%2C15.5.0%2CN%3Bbitrixcloud%2C23.0.0%2CN%3Bblog%2C23.100.0%2CN%3Bclouds%2C23.100.0%2CN%3Bfileman%2C23.300.0%2CN%3Bform%2C23.0.0%2CN%3Bforum%2C23.400.0%2CN%3Bhighloadblock%2C23.100.0%2CN%3Biblock%2C23.400.0%2CN%3Blanding%2C23.1300.200%2CN%3Blocation%2C23.300.0%2CN%3Bmessageservice%2C24.0.0%2CN%3Bmobileapp%2C23.200.0%2CN%3Bolegpro.csscompiler%2C1.2.1%2CN%3Bperfmon%2C23.100.0%2CN%3Bphotogallery%2C23.0.0%2CN%3Brest%2C23.300.100%2CN%3Bscale%2C21.0.0%2CN%3Bsearch%2C23.0.0%2CN%3Bsecurity%2C23.200.100%2CN%3Bseo%2C23.500.0%2CN%3Bsocialservices%2C24.0.100%2CN%3Bsubscribe%2C23.100.0%2CN%3Btranslate%2C23.400.0%2CN%3Bui%2C23.550.0%2CN%3Bvote%2C23.300.0%2CN&reqm=bitrix.sitecorporate%2Cbitrix.siteinfoportal%2Cbitrix.sitepersonal%2Colegpro.csscompiler&fullmoduleinfo=Y&SUPD_SRS=RU&SUPD_CMP=N
2024-03-04 12:17:23 -  - exec CUpdateClientPartner::GetHTTPPage
2024-03-04 12:17:23 -  - TIME GetUpdatesList(request) 0.259 sec
2024-03-04 12:17:23 -  - exec CUpdateClientPartner::ParseServerData
2024-03-05 00:37:26 -  - exec CUpdateClientPartner::__CollectRequestData
2024-03-05 00:37:26 -  - exec CUpdateClientPartner::GetHTTPPage
2024-03-05 00:37:26 -  - exec CUpdateClientPartner::ParseServerData
2024-03-05 00:37:26 -  - exec CUpdateClientPartner::GetUpdatesList
2024-03-05 00:37:26 -  - exec CUpdateClientPartner::__CollectRequestData
2024-03-05 00:37:26 -  - utf=Y&lang=ru&stable=Y&CANGZIP=Y&SUPD_DBS=MYSQL&XE=N&CLIENT_SITE=bitri.xxx&LICENSE_KEY=X&SUPD_STS=1&SUPD_URS=0&TYPENC=D&CLIENT_PHPVER=8.1.9&NGINX=Y&dbv=8.0.30&instm=main%2C23.900.600%2CY%3Bb24connector%2C22.0.0%2CN%3Bbitrix.sitecorporate%2C15.5.0%2CN%3Bbitrix.siteinfoportal%2C15.5.0%2CN%3Bbitrix.sitepersonal%2C15.5.0%2CN%3Bbitrixcloud%2C23.0.0%2CN%3Bblog%2C23.100.0%2CN%3Bclouds%2C23.100.0%2CN%3Bfileman%2C23.300.0%2CN%3Bform%2C23.0.0%2CN%3Bforum%2C23.400.0%2CN%3Bhighloadblock%2C23.100.0%2CN%3Biblock%2C23.400.0%2CN%3Blanding%2C23.1300.200%2CN%3Blocation%2C23.300.0%2CN%3Bmessageservice%2C24.0.0%2CN%3Bmobileapp%2C23.200.0%2CN%3Bolegpro.csscompiler%2C1.2.1%2CN%3Bperfmon%2C23.100.0%2CN%3Bphotogallery%2C23.0.0%2CN%3Brest%2C23.300.100%2CN%3Bscale%2C21.0.0%2CN%3Bsearch%2C23.0.0%2CN%3Bsecurity%2C23.200.100%2CN%3Bseo%2C23.500.0%2CN%3Bsocialservices%2C24.0.100%2CN%3Bsubscribe%2C23.100.0%2CN%3Btranslate%2C23.400.0%2CN%3Bui%2C23.550.0%2CN%3Bvote%2C23.300.0%2CN&reqm=bitrix.sitecorporate%2Cbitrix.siteinfoportal%2Cbitrix.sitepersonal%2Colegpro.csscompiler&fullmoduleinfo=Y&SUPD_SRS=RU&SUPD_CMP=N
2024-03-05 00:37:26 -  - exec CUpdateClientPartner::GetHTTPPage
2024-03-05 00:37:26 -  - TIME GetUpdatesList(request) 0.145 sec
2024-03-05 00:37:26 -  - exec CUpdateClientPartner::ParseServerData
2024-03-05 00:37:26 -  - exec CUpdateClientPartner::__CollectRequestData
2024-03-05 00:37:26 -  - exec CUpdateClientPartner::GetHTTPPage
2024-03-05 00:37:26 -  - exec CUpdateClientPartner::ParseServerData
2024-03-06 09:14:46 -  - exec CUpdateClientPartner::__CollectRequestData
2024-03-06 09:14:46 -  - exec CUpdateClientPartner::GetHTTPPage
2024-03-06 09:14:46 -  - exec CUpdateClientPartner::ParseServerData
2024-03-06 09:14:46 -  - exec CUpdateClientPartner::GetUpdatesList
2024-03-06 09:14:46 -  - exec CUpdateClientPartner::__CollectRequestData
2024-03-06 09:14:46 -  - utf=Y&lang=ru&stable=Y&CANGZIP=Y&SUPD_DBS=MYSQL&XE=N&CLIENT_SITE=bitri.xxx&LICENSE_KEY=X&SUPD_STS=1&SUPD_URS=0&TYPENC=D&CLIENT_PHPVER=8.1.9&NGINX=Y&dbv=8.0.30&instm=main%2C23.900.600%2CY%3Bb24connector%2C22.0.0%2CN%3Bbitrix.sitecorporate%2C15.5.0%2CN%3Bbitrix.siteinfoportal%2C15.5.0%2CN%3Bbitrix.sitepersonal%2C15.5.0%2CN%3Bbitrixcloud%2C23.0.0%2CN%3Bblog%2C23.100.0%2CN%3Bclouds%2C23.100.0%2CN%3Bfileman%2C23.300.0%2CN%3Bform%2C23.0.0%2CN%3Bforum%2C23.400.0%2CN%3Bhighloadblock%2C23.100.0%2CN%3Biblock%2C23.400.0%2CN%3Blanding%2C23.1300.200%2CN%3Blocation%2C23.300.0%2CN%3Bmessageservice%2C24.0.0%2CN%3Bmobileapp%2C23.200.0%2CN%3Bolegpro.csscompiler%2C1.2.1%2CN%3Bperfmon%2C23.100.0%2CN%3Bphotogallery%2C23.0.0%2CN%3Brest%2C23.300.100%2CN%3Bscale%2C21.0.0%2CN%3Bsearch%2C23.0.0%2CN%3Bsecurity%2C23.200.100%2CN%3Bseo%2C23.500.0%2CN%3Bsocialservices%2C24.0.100%2CN%3Bsubscribe%2C23.100.0%2CN%3Btranslate%2C23.400.0%2CN%3Bui%2C23.550.0%2CN%3Bvote%2C23.300.0%2CN&reqm=bitrix.sitecorporate%2Cbitrix.siteinfoportal%2Cbitrix.sitepersonal%2Colegpro.csscompiler&fullmoduleinfo=Y&SUPD_SRS=RU&SUPD_CMP=N
2024-03-06 09:14:46 -  - exec CUpdateClientPartner::GetHTTPPage
2024-03-06 09:14:46 -  - TIME GetUpdatesList(request) 0.19 sec
2024-03-06 09:14:46 -  - exec CUpdateClientPartner::ParseServerData
2024-03-06 09:14:46 -  - exec CUpdateClientPartner::__CollectRequestData
2024-03-06 09:14:46 -  - exec CUpdateClientPartner::GetHTTPPage
2024-03-06 09:14:47 -  - exec CUpdateClientPartner::ParseServerData
2024-03-07 10:41:37 -  - exec CUpdateClientPartner::__CollectRequestData
2024-03-07 10:41:37 -  - exec CUpdateClientPartner::GetHTTPPage
2024-03-07 10:41:37 -  - exec CUpdateClientPartner::ParseServerData
2024-03-07 10:41:37 -  - exec CUpdateClientPartner::GetUpdatesList
2024-03-07 10:41:37 -  - exec CUpdateClientPartner::__CollectRequestData
2024-03-07 10:41:37 -  - utf=Y&lang=ru&stable=Y&CANGZIP=Y&SUPD_DBS=MYSQL&XE=N&CLIENT_SITE=bitri.xxx&LICENSE_KEY=X&SUPD_STS=1&SUPD_URS=0&TYPENC=D&CLIENT_PHPVER=8.1.9&NGINX=Y&dbv=8.0.30&instm=main%2C23.900.600%2CY%3Bb24connector%2C22.0.0%2CN%3Bbitrix.sitecorporate%2C15.5.0%2CN%3Bbitrix.siteinfoportal%2C15.5.0%2CN%3Bbitrix.sitepersonal%2C15.5.0%2CN%3Bbitrixcloud%2C23.0.0%2CN%3Bblog%2C23.100.0%2CN%3Bclouds%2C23.100.0%2CN%3Bfileman%2C23.300.0%2CN%3Bform%2C23.0.0%2CN%3Bforum%2C23.400.0%2CN%3Bhighloadblock%2C23.100.0%2CN%3Biblock%2C23.400.0%2CN%3Blanding%2C23.1300.200%2CN%3Blocation%2C23.300.0%2CN%3Bmessageservice%2C24.0.0%2CN%3Bmobileapp%2C23.200.0%2CN%3Bolegpro.csscompiler%2C1.2.1%2CN%3Bperfmon%2C23.100.0%2CN%3Bphotogallery%2C23.0.0%2CN%3Brest%2C23.300.100%2CN%3Bscale%2C21.0.0%2CN%3Bsearch%2C23.0.0%2CN%3Bsecurity%2C23.200.100%2CN%3Bseo%2C23.500.0%2CN%3Bsocialservices%2C24.0.100%2CN%3Bsubscribe%2C23.100.0%2CN%3Btranslate%2C23.400.0%2CN%3Bui%2C23.550.0%2CN%3Bvote%2C23.300.0%2CN&reqm=bitrix.sitecorporate%2Cbitrix.siteinfoportal%2Cbitrix.sitepersonal%2Colegpro.csscompiler&fullmoduleinfo=Y&SUPD_SRS=RU&SUPD_CMP=N
2024-03-07 10:41:37 -  - exec CUpdateClientPartner::GetHTTPPage
2024-03-07 10:41:37 -  - TIME GetUpdatesList(request) 0.149 sec
2024-03-07 10:41:37 -  - exec CUpdateClientPartner::ParseServerData
2024-03-07 10:41:37 -  - exec CUpdateClientPartner::__CollectRequestData
2024-03-07 10:41:37 -  - exec CUpdateClientPartner::GetHTTPPage
2024-03-07 10:41:37 -  - exec CUpdateClientPartner::ParseServerData
2024-03-08 15:51:23 -  - exec CUpdateClientPartner::__CollectRequestData
2024-03-08 15:51:23 -  - exec CUpdateClientPartner::GetHTTPPage
2024-03-08 15:51:23 -  - exec CUpdateClientPartner::ParseServerData
2024-03-08 15:51:23 -  - exec CUpdateClientPartner::GetUpdatesList
2024-03-08 15:51:23 -  - exec CUpdateClientPartner::__CollectRequestData
2024-03-08 15:51:23 -  - utf=Y&lang=ru&stable=Y&CANGZIP=Y&SUPD_DBS=MYSQL&XE=N&CLIENT_SITE=bitri.xxx&LICENSE_KEY=X&SUPD_STS=1&SUPD_URS=0&TYPENC=D&CLIENT_PHPVER=8.1.9&NGINX=Y&dbv=8.0.30&instm=main%2C23.900.600%2CY%3Bb24connector%2C22.0.0%2CN%3Bbitrix.sitecorporate%2C15.5.0%2CN%3Bbitrix.siteinfoportal%2C15.5.0%2CN%3Bbitrix.sitepersonal%2C15.5.0%2CN%3Bbitrixcloud%2C23.0.0%2CN%3Bblog%2C23.100.0%2CN%3Bclouds%2C23.100.0%2CN%3Bfileman%2C23.300.0%2CN%3Bform%2C23.0.0%2CN%3Bforum%2C23.400.0%2CN%3Bhighloadblock%2C23.100.0%2CN%3Biblock%2C23.400.0%2CN%3Blanding%2C23.1300.200%2CN%3Blocation%2C23.300.0%2CN%3Bmessageservice%2C24.0.0%2CN%3Bmobileapp%2C23.200.0%2CN%3Bolegpro.csscompiler%2C1.2.1%2CN%3Bperfmon%2C23.100.0%2CN%3Bphotogallery%2C23.0.0%2CN%3Brest%2C23.300.100%2CN%3Bscale%2C21.0.0%2CN%3Bsearch%2C23.0.0%2CN%3Bsecurity%2C23.200.100%2CN%3Bseo%2C23.500.0%2CN%3Bsocialservices%2C24.0.100%2CN%3Bsubscribe%2C23.100.0%2CN%3Btranslate%2C23.400.0%2CN%3Bui%2C23.550.0%2CN%3Bvote%2C23.300.0%2CN&reqm=bitrix.sitecorporate%2Cbitrix.siteinfoportal%2Cbitrix.sitepersonal%2Colegpro.csscompiler&fullmoduleinfo=Y&SUPD_SRS=RU&SUPD_CMP=N
2024-03-08 15:51:23 -  - exec CUpdateClientPartner::GetHTTPPage
2024-03-08 15:51:24 -  - TIME GetUpdatesList(request) 0.114 sec
2024-03-08 15:51:24 -  - exec CUpdateClientPartner::ParseServerData
2024-03-08 15:51:24 -  - exec CUpdateClientPartner::__CollectRequestData
2024-03-08 15:51:24 -  - exec CUpdateClientPartner::GetHTTPPage
2024-03-08 15:51:24 -  - exec CUpdateClientPartner::ParseServerData
2024-03-09 15:57:39 -  - exec CUpdateClientPartner::__CollectRequestData
2024-03-09 15:57:39 -  - exec CUpdateClientPartner::GetHTTPPage
2024-03-09 15:57:39 -  - exec CUpdateClientPartner::ParseServerData
2024-03-09 15:57:39 -  - exec CUpdateClientPartner::GetUpdatesList
2024-03-09 15:57:39 -  - exec CUpdateClientPartner::__CollectRequestData
2024-03-09 15:57:39 -  - utf=Y&lang=ru&stable=Y&CANGZIP=Y&SUPD_DBS=MYSQL&XE=N&CLIENT_SITE=bitri.xxx&LICENSE_KEY=X&SUPD_STS=1&SUPD_URS=0&TYPENC=D&CLIENT_PHPVER=8.1.9&NGINX=Y&dbv=8.0.30&instm=main%2C23.900.600%2CY%3Bb24connector%2C22.0.0%2CN%3Bbitrix.sitecorporate%2C15.5.0%2CN%3Bbitrix.siteinfoportal%2C15.5.0%2CN%3Bbitrix.sitepersonal%2C15.5.0%2CN%3Bbitrixcloud%2C23.0.0%2CN%3Bblog%2C23.100.0%2CN%3Bclouds%2C23.100.0%2CN%3Bfileman%2C23.300.0%2CN%3Bform%2C23.0.0%2CN%3Bforum%2C23.400.0%2CN%3Bhighloadblock%2C23.100.0%2CN%3Biblock%2C23.400.0%2CN%3Blanding%2C23.1300.200%2CN%3Blocation%2C23.300.0%2CN%3Bmessageservice%2C24.0.0%2CN%3Bmobileapp%2C23.200.0%2CN%3Bolegpro.csscompiler%2C1.2.1%2CN%3Bperfmon%2C23.100.0%2CN%3Bphotogallery%2C23.0.0%2CN%3Brest%2C23.300.100%2CN%3Bscale%2C21.0.0%2CN%3Bsearch%2C23.0.0%2CN%3Bsecurity%2C23.200.100%2CN%3Bseo%2C23.500.0%2CN%3Bsocialservices%2C24.0.100%2CN%3Bsubscribe%2C23.100.0%2CN%3Btranslate%2C23.400.0%2CN%3Bui%2C23.550.0%2CN%3Bvote%2C23.300.0%2CN&reqm=bitrix.sitecorporate%2Cbitrix.siteinfoportal%2Cbitrix.sitepersonal%2Colegpro.csscompiler&fullmoduleinfo=Y&SUPD_SRS=RU&SUPD_CMP=N
2024-03-09 15:57:39 -  - exec CUpdateClientPartner::GetHTTPPage
2024-03-09 15:57:39 -  - TIME GetUpdatesList(request) 0.14 sec
2024-03-09 15:57:39 -  - exec CUpdateClientPartner::ParseServerData
2024-03-09 15:57:39 -  - exec CUpdateClientPartner::__CollectRequestData
2024-03-09 15:57:39 -  - exec CUpdateClientPartner::GetHTTPPage
2024-03-09 15:57:39 -  - exec CUpdateClientPartner::ParseServerData
2024-03-10 16:27:04 -  - exec CUpdateClientPartner::__CollectRequestData
2024-03-10 16:27:04 -  - exec CUpdateClientPartner::GetHTTPPage
2024-03-10 16:27:04 -  - exec CUpdateClientPartner::ParseServerData
2024-03-10 16:27:04 -  - exec CUpdateClientPartner::GetUpdatesList
2024-03-10 16:27:04 -  - exec CUpdateClientPartner::__CollectRequestData
2024-03-10 16:27:04 -  - utf=Y&lang=ru&stable=Y&CANGZIP=Y&SUPD_DBS=MYSQL&XE=N&CLIENT_SITE=bitri.xxx&LICENSE_KEY=X&SUPD_STS=1&SUPD_URS=0&TYPENC=D&CLIENT_PHPVER=8.1.9&NGINX=Y&dbv=8.0.30&instm=main%2C23.900.600%2CY%3Bb24connector%2C22.0.0%2CN%3Bbitrix.sitecorporate%2C15.5.0%2CN%3Bbitrix.siteinfoportal%2C15.5.0%2CN%3Bbitrix.sitepersonal%2C15.5.0%2CN%3Bbitrixcloud%2C23.0.0%2CN%3Bblog%2C23.100.0%2CN%3Bclouds%2C23.100.0%2CN%3Bfileman%2C23.300.0%2CN%3Bform%2C23.0.0%2CN%3Bforum%2C23.400.0%2CN%3Bhighloadblock%2C23.100.0%2CN%3Biblock%2C23.400.0%2CN%3Blanding%2C23.1300.200%2CN%3Blocation%2C23.300.0%2CN%3Bmessageservice%2C24.0.0%2CN%3Bmobileapp%2C23.200.0%2CN%3Bolegpro.csscompiler%2C1.2.1%2CN%3Bperfmon%2C23.100.0%2CN%3Bphotogallery%2C23.0.0%2CN%3Brest%2C23.300.100%2CN%3Bscale%2C21.0.0%2CN%3Bsearch%2C23.0.0%2CN%3Bsecurity%2C23.200.100%2CN%3Bseo%2C23.500.0%2CN%3Bsocialservices%2C24.0.100%2CN%3Bsubscribe%2C23.100.0%2CN%3Btranslate%2C23.400.0%2CN%3Bui%2C23.550.0%2CN%3Bvote%2C23.300.0%2CN&reqm=bitrix.sitecorporate%2Cbitrix.siteinfoportal%2Cbitrix.sitepersonal%2Colegpro.csscompiler&fullmoduleinfo=Y&SUPD_SRS=RU&SUPD_CMP=N
2024-03-10 16:27:04 -  - exec CUpdateClientPartner::GetHTTPPage
2024-03-10 16:27:04 -  - TIME GetUpdatesList(request) 0.138 sec
2024-03-10 16:27:04 -  - exec CUpdateClientPartner::ParseServerData
2024-03-10 16:27:04 -  - exec CUpdateClientPartner::__CollectRequestData
2024-03-10 16:27:04 -  - exec CUpdateClientPartner::GetHTTPPage
2024-03-10 16:27:04 -  - exec CUpdateClientPartner::ParseServerData
2024-03-11 16:38:20 -  - exec CUpdateClientPartner::__CollectRequestData
2024-03-11 16:38:20 -  - exec CUpdateClientPartner::GetHTTPPage
2024-03-11 16:38:20 -  - exec CUpdateClientPartner::ParseServerData
2024-03-11 16:38:20 -  - exec CUpdateClientPartner::GetUpdatesList
2024-03-11 16:38:20 -  - exec CUpdateClientPartner::__CollectRequestData
2024-03-11 16:38:20 -  - utf=Y&lang=ru&stable=Y&CANGZIP=Y&SUPD_DBS=MYSQL&XE=N&CLIENT_SITE=bitri.xxx&LICENSE_KEY=X&SUPD_STS=1&SUPD_URS=0&TYPENC=D&CLIENT_PHPVER=8.1.9&NGINX=Y&dbv=8.0.30&instm=main%2C23.900.600%2CY%3Bb24connector%2C22.0.0%2CN%3Bbitrix.sitecorporate%2C15.5.0%2CN%3Bbitrix.siteinfoportal%2C15.5.0%2CN%3Bbitrix.sitepersonal%2C15.5.0%2CN%3Bbitrixcloud%2C23.0.0%2CN%3Bblog%2C23.100.0%2CN%3Bclouds%2C23.100.0%2CN%3Bfileman%2C23.300.0%2CN%3Bform%2C23.0.0%2CN%3Bforum%2C23.400.0%2CN%3Bhighloadblock%2C23.100.0%2CN%3Biblock%2C23.400.0%2CN%3Blanding%2C23.1300.200%2CN%3Blocation%2C23.300.0%2CN%3Bmessageservice%2C24.0.0%2CN%3Bmobileapp%2C23.200.0%2CN%3Bolegpro.csscompiler%2C1.2.1%2CN%3Bperfmon%2C23.100.0%2CN%3Bphotogallery%2C23.0.0%2CN%3Brest%2C23.300.100%2CN%3Bscale%2C21.0.0%2CN%3Bsearch%2C23.0.0%2CN%3Bsecurity%2C23.200.100%2CN%3Bseo%2C23.500.0%2CN%3Bsocialservices%2C24.0.100%2CN%3Bsubscribe%2C23.100.0%2CN%3Btranslate%2C23.400.0%2CN%3Bui%2C23.550.0%2CN%3Bvote%2C23.300.0%2CN&reqm=bitrix.sitecorporate%2Cbitrix.siteinfoportal%2Cbitrix.sitepersonal%2Colegpro.csscompiler&fullmoduleinfo=Y&SUPD_SRS=RU&SUPD_CMP=N
2024-03-11 16:38:20 -  - exec CUpdateClientPartner::GetHTTPPage
2024-03-11 16:38:20 -  - TIME GetUpdatesList(request) 0.162 sec
2024-03-11 16:38:20 -  - exec CUpdateClientPartner::ParseServerData
2024-03-11 16:38:20 -  - exec CUpdateClientPartner::__CollectRequestData
2024-03-11 16:38:20 -  - exec CUpdateClientPartner::GetHTTPPage
2024-03-11 16:38:20 -  - exec CUpdateClientPartner::ParseServerData
2024-03-12 17:20:42 -  - exec CUpdateClientPartner::__CollectRequestData
2024-03-12 17:20:42 -  - exec CUpdateClientPartner::GetHTTPPage
2024-03-12 17:20:42 -  - exec CUpdateClientPartner::ParseServerData
2024-03-12 17:20:42 -  - exec CUpdateClientPartner::GetUpdatesList
2024-03-12 17:20:42 -  - exec CUpdateClientPartner::__CollectRequestData
2024-03-12 17:20:42 -  - utf=Y&lang=ru&stable=Y&CANGZIP=Y&SUPD_DBS=MYSQL&XE=N&CLIENT_SITE=bitri.xxx&LICENSE_KEY=X&SUPD_STS=1&SUPD_URS=0&TYPENC=D&CLIENT_PHPVER=8.1.9&NGINX=Y&dbv=8.0.30&instm=main%2C23.900.600%2CY%3Bb24connector%2C22.0.0%2CN%3Bbitrix.sitecorporate%2C15.5.0%2CN%3Bbitrix.siteinfoportal%2C15.5.0%2CN%3Bbitrix.sitepersonal%2C15.5.0%2CN%3Bbitrixcloud%2C23.0.0%2CN%3Bblog%2C23.100.0%2CN%3Bclouds%2C23.100.0%2CN%3Bfileman%2C23.300.0%2CN%3Bform%2C23.0.0%2CN%3Bforum%2C23.400.0%2CN%3Bhighloadblock%2C23.100.0%2CN%3Biblock%2C23.400.0%2CN%3Blanding%2C23.1300.200%2CN%3Blocation%2C23.300.0%2CN%3Bmessageservice%2C24.0.0%2CN%3Bmobileapp%2C23.200.0%2CN%3Bolegpro.csscompiler%2C1.2.1%2CN%3Bperfmon%2C23.100.0%2CN%3Bphotogallery%2C23.0.0%2CN%3Brest%2C23.300.100%2CN%3Bscale%2C21.0.0%2CN%3Bsearch%2C23.0.0%2CN%3Bsecurity%2C23.200.100%2CN%3Bseo%2C23.500.0%2CN%3Bsocialservices%2C24.0.100%2CN%3Bsubscribe%2C23.100.0%2CN%3Btranslate%2C23.400.0%2CN%3Bui%2C23.550.0%2CN%3Bvote%2C23.300.0%2CN&reqm=bitrix.sitecorporate%2Cbitrix.siteinfoportal%2Cbitrix.sitepersonal%2Colegpro.csscompiler&fullmoduleinfo=Y&SUPD_SRS=RU&SUPD_CMP=N
2024-03-12 17:20:42 -  - exec CUpdateClientPartner::GetHTTPPage
2024-03-12 17:20:42 -  - TIME GetUpdatesList(request) 0.143 sec
2024-03-12 17:20:42 -  - exec CUpdateClientPartner::ParseServerData
2024-03-12 17:20:42 -  - exec CUpdateClientPartner::__CollectRequestData
2024-03-12 17:20:43 -  - exec CUpdateClientPartner::GetHTTPPage
2024-03-12 17:20:43 -  - exec CUpdateClientPartner::ParseServerData
2024-03-13 17:53:24 -  - exec CUpdateClientPartner::__CollectRequestData
2024-03-13 17:53:24 -  - exec CUpdateClientPartner::GetHTTPPage
2024-03-13 17:53:25 -  - exec CUpdateClientPartner::ParseServerData
2024-03-13 17:53:25 -  - exec CUpdateClientPartner::GetUpdatesList
2024-03-13 17:53:25 -  - exec CUpdateClientPartner::__CollectRequestData
2024-03-13 17:53:25 -  - utf=Y&lang=ru&stable=Y&CANGZIP=Y&SUPD_DBS=MYSQL&XE=N&CLIENT_SITE=bitri.xxx&LICENSE_KEY=X&SUPD_STS=1&SUPD_URS=0&TYPENC=D&CLIENT_PHPVER=8.1.9&NGINX=Y&dbv=8.0.30&instm=main%2C23.900.600%2CY%3Bb24connector%2C22.0.0%2CN%3Bbitrix.sitecorporate%2C15.5.0%2CN%3Bbitrix.siteinfoportal%2C15.5.0%2CN%3Bbitrix.sitepersonal%2C15.5.0%2CN%3Bbitrixcloud%2C23.0.0%2CN%3Bblog%2C23.100.0%2CN%3Bclouds%2C23.100.0%2CN%3Bfileman%2C23.300.0%2CN%3Bform%2C23.0.0%2CN%3Bforum%2C23.400.0%2CN%3Bhighloadblock%2C23.100.0%2CN%3Biblock%2C23.400.0%2CN%3Blanding%2C23.1300.200%2CN%3Blocation%2C23.300.0%2CN%3Bmessageservice%2C24.0.0%2CN%3Bmobileapp%2C23.200.0%2CN%3Bolegpro.csscompiler%2C1.2.1%2CN%3Bperfmon%2C23.100.0%2CN%3Bphotogallery%2C23.0.0%2CN%3Brest%2C23.300.100%2CN%3Bscale%2C21.0.0%2CN%3Bsearch%2C23.0.0%2CN%3Bsecurity%2C23.200.100%2CN%3Bseo%2C23.500.0%2CN%3Bsocialservices%2C24.0.100%2CN%3Bsubscribe%2C23.100.0%2CN%3Btranslate%2C23.400.0%2CN%3Bui%2C23.550.0%2CN%3Bvote%2C23.300.0%2CN&reqm=bitrix.sitecorporate%2Cbitrix.siteinfoportal%2Cbitrix.sitepersonal%2Colegpro.csscompiler&fullmoduleinfo=Y&SUPD_SRS=RU&SUPD_CMP=N
2024-03-13 17:53:25 -  - exec CUpdateClientPartner::GetHTTPPage
2024-03-13 17:53:25 -  - TIME GetUpdatesList(request) 0.215 sec
2024-03-13 17:53:25 -  - exec CUpdateClientPartner::ParseServerData
2024-03-13 17:53:25 -  - exec CUpdateClientPartner::__CollectRequestData
2024-03-13 17:53:25 -  - exec CUpdateClientPartner::GetHTTPPage
2024-03-13 17:53:25 -  - exec CUpdateClientPartner::ParseServerData
2024-03-13 17:53:26 -  - exec CUpdateClientPartner::__CollectRequestData
2024-03-13 17:53:26 -  - exec CUpdateClientPartner::GetHTTPPage
2024-03-13 17:53:26 -  - exec CUpdateClientPartner::ParseServerData
2024-03-13 17:53:26 -  - exec CUpdateClientPartner::GetUpdatesList
2024-03-13 17:53:26 -  - exec CUpdateClientPartner::__CollectRequestData
2024-03-13 17:53:26 -  - utf=Y&lang=ru&stable=Y&CANGZIP=Y&SUPD_DBS=MYSQL&XE=N&CLIENT_SITE=bitri.xxx&LICENSE_KEY=X&SUPD_STS=1&SUPD_URS=0&TYPENC=D&CLIENT_PHPVER=8.1.9&NGINX=Y&dbv=8.0.30&instm=main%2C23.900.600%2CY%3Bb24connector%2C22.0.0%2CN%3Bbitrix.sitecorporate%2C15.5.0%2CN%3Bbitrix.siteinfoportal%2C15.5.0%2CN%3Bbitrix.sitepersonal%2C15.5.0%2CN%3Bbitrixcloud%2C23.0.0%2CN%3Bblog%2C23.100.0%2CN%3Bclouds%2C23.100.0%2CN%3Bfileman%2C23.300.0%2CN%3Bform%2C23.0.0%2CN%3Bforum%2C23.400.0%2CN%3Bhighloadblock%2C23.100.0%2CN%3Biblock%2C23.400.0%2CN%3Blanding%2C23.1300.200%2CN%3Blocation%2C23.300.0%2CN%3Bmessageservice%2C24.0.0%2CN%3Bmobileapp%2C23.200.0%2CN%3Bolegpro.csscompiler%2C1.2.1%2CN%3Bperfmon%2C23.100.0%2CN%3Bphotogallery%2C23.0.0%2CN%3Brest%2C23.300.100%2CN%3Bscale%2C21.0.0%2CN%3Bsearch%2C23.0.0%2CN%3Bsecurity%2C23.200.100%2CN%3Bseo%2C23.500.0%2CN%3Bsocialservices%2C24.0.100%2CN%3Bsubscribe%2C23.100.0%2CN%3Btranslate%2C23.400.0%2CN%3Bui%2C23.550.0%2CN%3Bvote%2C23.300.0%2CN&reqm=bitrix.sitecorporate%2Cbitrix.siteinfoportal%2Cbitrix.sitepersonal%2Colegpro.csscompiler&fullmoduleinfo=Y&SUPD_SRS=RU&SUPD_CMP=N
2024-03-13 17:53:26 -  - exec CUpdateClientPartner::GetHTTPPage
2024-03-13 17:53:26 -  - TIME GetUpdatesList(request) 0.207 sec
2024-03-13 17:53:26 -  - exec CUpdateClientPartner::ParseServerData
2024-03-13 17:53:26 -  - exec CUpdateClientPartner::__CollectRequestData
2024-03-13 17:53:26 -  - exec CUpdateClientPartner::GetHTTPPage
2024-03-13 17:53:26 -  - exec CUpdateClientPartner::ParseServerData
2024-03-13 17:53:27 -  - exec CUpdateClientPartner::__CollectRequestData
2024-03-13 17:53:27 -  - exec CUpdateClientPartner::GetHTTPPage
2024-03-13 17:53:27 -  - exec CUpdateClientPartner::ParseServerData
2024-03-13 17:53:27 -  - exec CUpdateClientPartner::GetUpdatesList
2024-03-13 17:53:27 -  - exec CUpdateClientPartner::__CollectRequestData
2024-03-13 17:53:27 -  - utf=Y&lang=ru&stable=Y&CANGZIP=Y&SUPD_DBS=MYSQL&XE=N&CLIENT_SITE=bitri.xxx&LICENSE_KEY=X&SUPD_STS=1&SUPD_URS=0&TYPENC=D&CLIENT_PHPVER=8.1.9&NGINX=Y&dbv=8.0.30&instm=main%2C23.900.600%2CY%3Bb24connector%2C22.0.0%2CN%3Bbitrix.sitecorporate%2C15.5.0%2CN%3Bbitrix.siteinfoportal%2C15.5.0%2CN%3Bbitrix.sitepersonal%2C15.5.0%2CN%3Bbitrixcloud%2C23.0.0%2CN%3Bblog%2C23.100.0%2CN%3Bclouds%2C23.100.0%2CN%3Bfileman%2C23.300.0%2CN%3Bform%2C23.0.0%2CN%3Bforum%2C23.400.0%2CN%3Bhighloadblock%2C23.100.0%2CN%3Biblock%2C23.400.0%2CN%3Blanding%2C23.1300.200%2CN%3Blocation%2C23.300.0%2CN%3Bmessageservice%2C24.0.0%2CN%3Bmobileapp%2C23.200.0%2CN%3Bolegpro.csscompiler%2C1.2.1%2CN%3Bperfmon%2C23.100.0%2CN%3Bphotogallery%2C23.0.0%2CN%3Brest%2C23.300.100%2CN%3Bscale%2C21.0.0%2CN%3Bsearch%2C23.0.0%2CN%3Bsecurity%2C23.200.100%2CN%3Bseo%2C23.500.0%2CN%3Bsocialservices%2C24.0.100%2CN%3Bsubscribe%2C23.100.0%2CN%3Btranslate%2C23.400.0%2CN%3Bui%2C23.550.0%2CN%3Bvote%2C23.300.0%2CN&reqm=bitrix.sitecorporate%2Cbitrix.siteinfoportal%2Cbitrix.sitepersonal%2Colegpro.csscompiler&fullmoduleinfo=Y&SUPD_SRS=RU&SUPD_CMP=N
2024-03-13 17:53:27 -  - exec CUpdateClientPartner::GetHTTPPage
2024-03-13 17:53:27 -  - TIME GetUpdatesList(request) 0.194 sec
2024-03-13 17:53:27 -  - exec CUpdateClientPartner::ParseServerData
2024-03-13 17:53:27 -  - exec CUpdateClientPartner::__CollectRequestData
2024-03-13 17:53:27 -  - exec CUpdateClientPartner::GetHTTPPage
2024-03-13 17:53:27 -  - exec CUpdateClientPartner::ParseServerData
2024-03-13 17:53:28 -  - exec CUpdateClientPartner::__CollectRequestData
2024-03-13 17:53:28 -  - exec CUpdateClientPartner::GetHTTPPage
2024-03-13 17:53:28 -  - exec CUpdateClientPartner::ParseServerData
2024-03-13 17:53:28 -  - exec CUpdateClientPartner::GetUpdatesList
2024-03-13 17:53:28 -  - exec CUpdateClientPartner::__CollectRequestData
2024-03-13 17:53:28 -  - utf=Y&lang=ru&stable=Y&CANGZIP=Y&SUPD_DBS=MYSQL&XE=N&CLIENT_SITE=bitri.xxx&LICENSE_KEY=X&SUPD_STS=1&SUPD_URS=0&TYPENC=D&CLIENT_PHPVER=8.1.9&NGINX=Y&dbv=8.0.30&instm=main%2C23.900.600%2CY%3Bb24connector%2C22.0.0%2CN%3Bbitrix.sitecorporate%2C15.5.0%2CN%3Bbitrix.siteinfoportal%2C15.5.0%2CN%3Bbitrix.sitepersonal%2C15.5.0%2CN%3Bbitrixcloud%2C23.0.0%2CN%3Bblog%2C23.100.0%2CN%3Bclouds%2C23.100.0%2CN%3Bfileman%2C23.300.0%2CN%3Bform%2C23.0.0%2CN%3Bforum%2C23.400.0%2CN%3Bhighloadblock%2C23.100.0%2CN%3Biblock%2C23.400.0%2CN%3Blanding%2C23.1300.200%2CN%3Blocation%2C23.300.0%2CN%3Bmessageservice%2C24.0.0%2CN%3Bmobileapp%2C23.200.0%2CN%3Bolegpro.csscompiler%2C1.2.1%2CN%3Bperfmon%2C23.100.0%2CN%3Bphotogallery%2C23.0.0%2CN%3Brest%2C23.300.100%2CN%3Bscale%2C21.0.0%2CN%3Bsearch%2C23.0.0%2CN%3Bsecurity%2C23.200.100%2CN%3Bseo%2C23.500.0%2CN%3Bsocialservices%2C24.0.100%2CN%3Bsubscribe%2C23.100.0%2CN%3Btranslate%2C23.400.0%2CN%3Bui%2C23.550.0%2CN%3Bvote%2C23.300.0%2CN&reqm=bitrix.sitecorporate%2Cbitrix.siteinfoportal%2Cbitrix.sitepersonal%2Colegpro.csscompiler&fullmoduleinfo=Y&SUPD_SRS=RU&SUPD_CMP=N
2024-03-13 17:53:28 -  - exec CUpdateClientPartner::GetHTTPPage
2024-03-13 17:53:28 -  - TIME GetUpdatesList(request) 0.177 sec
2024-03-13 17:53:28 -  - exec CUpdateClientPartner::ParseServerData
2024-03-13 17:53:28 -  - exec CUpdateClientPartner::__CollectRequestData
2024-03-13 17:53:28 -  - exec CUpdateClientPartner::GetHTTPPage
2024-03-13 17:53:28 -  - exec CUpdateClientPartner::ParseServerData
2024-03-13 17:53:30 -  - exec CUpdateClientPartner::__CollectRequestData
2024-03-13 17:53:30 -  - exec CUpdateClientPartner::GetHTTPPage
2024-03-13 17:53:30 -  - exec CUpdateClientPartner::ParseServerData
2024-03-13 17:53:30 -  - exec CUpdateClientPartner::GetUpdatesList
2024-03-13 17:53:30 -  - exec CUpdateClientPartner::__CollectRequestData
2024-03-13 17:53:30 -  - utf=Y&lang=ru&stable=Y&CANGZIP=Y&SUPD_DBS=MYSQL&XE=N&CLIENT_SITE=bitri.xxx&LICENSE_KEY=X&SUPD_STS=1&SUPD_URS=0&TYPENC=D&CLIENT_PHPVER=8.1.9&NGINX=Y&dbv=8.0.30&instm=main%2C23.900.600%2CY%3Bb24connector%2C22.0.0%2CN%3Bbitrix.sitecorporate%2C15.5.0%2CN%3Bbitrix.siteinfoportal%2C15.5.0%2CN%3Bbitrix.sitepersonal%2C15.5.0%2CN%3Bbitrixcloud%2C23.0.0%2CN%3Bblog%2C23.100.0%2CN%3Bclouds%2C23.100.0%2CN%3Bfileman%2C23.300.0%2CN%3Bform%2C23.0.0%2CN%3Bforum%2C23.400.0%2CN%3Bhighloadblock%2C23.100.0%2CN%3Biblock%2C23.400.0%2CN%3Blanding%2C23.1300.200%2CN%3Blocation%2C23.300.0%2CN%3Bmessageservice%2C24.0.0%2CN%3Bmobileapp%2C23.200.0%2CN%3Bolegpro.csscompiler%2C1.2.1%2CN%3Bperfmon%2C23.100.0%2CN%3Bphotogallery%2C23.0.0%2CN%3Brest%2C23.300.100%2CN%3Bscale%2C21.0.0%2CN%3Bsearch%2C23.0.0%2CN%3Bsecurity%2C23.200.100%2CN%3Bseo%2C23.500.0%2CN%3Bsocialservices%2C24.0.100%2CN%3Bsubscribe%2C23.100.0%2CN%3Btranslate%2C23.400.0%2CN%3Bui%2C23.550.0%2CN%3Bvote%2C23.300.0%2CN&reqm=bitrix.sitecorporate%2Cbitrix.siteinfoportal%2Cbitrix.sitepersonal%2Colegpro.csscompiler&fullmoduleinfo=Y&SUPD_SRS=RU&SUPD_CMP=N
2024-03-13 17:53:30 -  - exec CUpdateClientPartner::GetHTTPPage
2024-03-13 17:53:30 -  - TIME GetUpdatesList(request) 0.234 sec
2024-03-13 17:53:30 -  - exec CUpdateClientPartner::ParseServerData
2024-03-13 17:53:30 -  - exec CUpdateClientPartner::__CollectRequestData
2024-03-13 17:53:30 -  - exec CUpdateClientPartner::GetHTTPPage
2024-03-13 17:53:30 -  - exec CUpdateClientPartner::ParseServerData
2024-03-13 17:53:31 -  - exec CUpdateClientPartner::__CollectRequestData
2024-03-13 17:53:31 -  - exec CUpdateClientPartner::GetHTTPPage
2024-03-13 17:53:31 -  - exec CUpdateClientPartner::ParseServerData
2024-03-13 17:53:31 -  - exec CUpdateClientPartner::GetUpdatesList
2024-03-13 17:53:31 -  - exec CUpdateClientPartner::__CollectRequestData
2024-03-13 17:53:31 -  - utf=Y&lang=ru&stable=Y&CANGZIP=Y&SUPD_DBS=MYSQL&XE=N&CLIENT_SITE=bitri.xxx&LICENSE_KEY=X&SUPD_STS=1&SUPD_URS=0&TYPENC=D&CLIENT_PHPVER=8.1.9&NGINX=Y&dbv=8.0.30&instm=main%2C23.900.600%2CY%3Bb24connector%2C22.0.0%2CN%3Bbitrix.sitecorporate%2C15.5.0%2CN%3Bbitrix.siteinfoportal%2C15.5.0%2CN%3Bbitrix.sitepersonal%2C15.5.0%2CN%3Bbitrixcloud%2C23.0.0%2CN%3Bblog%2C23.100.0%2CN%3Bclouds%2C23.100.0%2CN%3Bfileman%2C23.300.0%2CN%3Bform%2C23.0.0%2CN%3Bforum%2C23.400.0%2CN%3Bhighloadblock%2C23.100.0%2CN%3Biblock%2C23.400.0%2CN%3Blanding%2C23.1300.200%2CN%3Blocation%2C23.300.0%2CN%3Bmessageservice%2C24.0.0%2CN%3Bmobileapp%2C23.200.0%2CN%3Bolegpro.csscompiler%2C1.2.1%2CN%3Bperfmon%2C23.100.0%2CN%3Bphotogallery%2C23.0.0%2CN%3Brest%2C23.300.100%2CN%3Bscale%2C21.0.0%2CN%3Bsearch%2C23.0.0%2CN%3Bsecurity%2C23.200.100%2CN%3Bseo%2C23.500.0%2CN%3Bsocialservices%2C24.0.100%2CN%3Bsubscribe%2C23.100.0%2CN%3Btranslate%2C23.400.0%2CN%3Bui%2C23.550.0%2CN%3Bvote%2C23.300.0%2CN&reqm=bitrix.sitecorporate%2Cbitrix.siteinfoportal%2Cbitrix.sitepersonal%2Colegpro.csscompiler&fullmoduleinfo=Y&SUPD_SRS=RU&SUPD_CMP=N
2024-03-13 17:53:31 -  - exec CUpdateClientPartner::GetHTTPPage
2024-03-13 17:53:32 -  - TIME GetUpdatesList(request) 0.201 sec
2024-03-13 17:53:32 -  - exec CUpdateClientPartner::ParseServerData
2024-03-13 17:53:32 -  - exec CUpdateClientPartner::__CollectRequestData
2024-03-13 17:53:32 -  - exec CUpdateClientPartner::GetHTTPPage
2024-03-13 17:53:32 -  - exec CUpdateClientPartner::ParseServerData
2024-03-14 19:10:50 -  - exec CUpdateClientPartner::__CollectRequestData
2024-03-14 19:10:50 -  - exec CUpdateClientPartner::GetHTTPPage
2024-03-14 19:10:51 -  - exec CUpdateClientPartner::ParseServerData
2024-03-14 19:10:51 -  - exec CUpdateClientPartner::GetUpdatesList
2024-03-14 19:10:51 -  - exec CUpdateClientPartner::__CollectRequestData
2024-03-14 19:10:51 -  - utf=Y&lang=ru&stable=Y&CANGZIP=Y&SUPD_DBS=MYSQL&XE=N&CLIENT_SITE=bitri.xxx&LICENSE_KEY=X&SUPD_STS=1&SUPD_URS=0&TYPENC=D&CLIENT_PHPVER=8.1.9&NGINX=Y&dbv=8.0.30&instm=main%2C23.900.600%2CY%3Bb24connector%2C22.0.0%2CN%3Bbitrix.sitecorporate%2C15.5.0%2CN%3Bbitrix.siteinfoportal%2C15.5.0%2CN%3Bbitrix.sitepersonal%2C15.5.0%2CN%3Bbitrixcloud%2C23.0.0%2CN%3Bblog%2C23.100.0%2CN%3Bclouds%2C23.100.0%2CN%3Bfileman%2C23.300.0%2CN%3Bform%2C23.0.0%2CN%3Bforum%2C23.400.0%2CN%3Bhighloadblock%2C23.100.0%2CN%3Biblock%2C23.400.0%2CN%3Blanding%2C23.1300.200%2CN%3Blocation%2C23.300.0%2CN%3Bmessageservice%2C24.0.0%2CN%3Bmobileapp%2C23.200.0%2CN%3Bolegpro.csscompiler%2C1.2.1%2CN%3Bperfmon%2C23.100.0%2CN%3Bphotogallery%2C23.0.0%2CN%3Brest%2C23.300.100%2CN%3Bscale%2C21.0.0%2CN%3Bsearch%2C23.0.0%2CN%3Bsecurity%2C23.200.100%2CN%3Bseo%2C23.500.0%2CN%3Bsocialservices%2C24.0.100%2CN%3Bsubscribe%2C23.100.0%2CN%3Btranslate%2C23.400.0%2CN%3Bui%2C23.550.0%2CN%3Bvote%2C23.300.0%2CN&reqm=bitrix.sitecorporate%2Cbitrix.siteinfoportal%2Cbitrix.sitepersonal%2Colegpro.csscompiler&fullmoduleinfo=Y&SUPD_SRS=RU&SUPD_CMP=N
2024-03-14 19:10:51 -  - exec CUpdateClientPartner::GetHTTPPage
2024-03-14 19:10:51 -  - TIME GetUpdatesList(request) 0.185 sec
2024-03-14 19:10:51 -  - exec CUpdateClientPartner::ParseServerData
2024-03-14 19:10:51 -  - exec CUpdateClientPartner::__CollectRequestData
2024-03-14 19:10:51 -  - exec CUpdateClientPartner::GetHTTPPage
2024-03-14 19:10:51 -  - exec CUpdateClientPartner::ParseServerData
2024-03-15 19:58:09 -  - exec CUpdateClientPartner::__CollectRequestData
2024-03-15 19:58:09 -  - exec CUpdateClientPartner::GetHTTPPage
2024-03-15 19:58:10 -  - exec CUpdateClientPartner::ParseServerData
2024-03-15 19:58:10 -  - exec CUpdateClientPartner::GetUpdatesList
2024-03-15 19:58:10 -  - exec CUpdateClientPartner::__CollectRequestData
2024-03-15 19:58:10 -  - utf=Y&lang=ru&stable=Y&CANGZIP=Y&SUPD_DBS=MYSQL&XE=N&CLIENT_SITE=bitri.xxx&LICENSE_KEY=X&SUPD_STS=1&SUPD_URS=0&TYPENC=D&CLIENT_PHPVER=8.1.9&NGINX=Y&dbv=8.0.30&instm=main%2C23.900.600%2CY%3Bb24connector%2C22.0.0%2CN%3Bbitrix.sitecorporate%2C15.5.0%2CN%3Bbitrix.siteinfoportal%2C15.5.0%2CN%3Bbitrix.sitepersonal%2C15.5.0%2CN%3Bbitrixcloud%2C23.0.0%2CN%3Bblog%2C23.100.0%2CN%3Bclouds%2C23.100.0%2CN%3Bfileman%2C23.300.0%2CN%3Bform%2C23.0.0%2CN%3Bforum%2C23.400.0%2CN%3Bhighloadblock%2C23.100.0%2CN%3Biblock%2C23.400.0%2CN%3Blanding%2C23.1300.200%2CN%3Blocation%2C23.300.0%2CN%3Bmessageservice%2C24.0.0%2CN%3Bmobileapp%2C23.200.0%2CN%3Bolegpro.csscompiler%2C1.2.1%2CN%3Bperfmon%2C23.100.0%2CN%3Bphotogallery%2C23.0.0%2CN%3Brest%2C23.300.100%2CN%3Bscale%2C21.0.0%2CN%3Bsearch%2C23.0.0%2CN%3Bsecurity%2C23.200.100%2CN%3Bseo%2C23.500.0%2CN%3Bsocialservices%2C24.0.100%2CN%3Bsubscribe%2C23.100.0%2CN%3Btranslate%2C23.400.0%2CN%3Bui%2C23.550.0%2CN%3Bvote%2C23.300.0%2CN&reqm=bitrix.sitecorporate%2Cbitrix.siteinfoportal%2Cbitrix.sitepersonal%2Colegpro.csscompiler&fullmoduleinfo=Y&SUPD_SRS=RU&SUPD_CMP=N
2024-03-15 19:58:10 -  - exec CUpdateClientPartner::GetHTTPPage
2024-03-15 19:58:11 -  - TIME GetUpdatesList(request) 0.273 sec
2024-03-15 19:58:11 -  - exec CUpdateClientPartner::ParseServerData
2024-03-15 19:58:11 -  - exec CUpdateClientPartner::__CollectRequestData
2024-03-15 19:58:11 -  - exec CUpdateClientPartner::GetHTTPPage
2024-03-15 19:58:11 -  - exec CUpdateClientPartner::ParseServerData
2024-03-17 18:36:49 -  - exec CUpdateClientPartner::__CollectRequestData
2024-03-17 18:36:49 -  - exec CUpdateClientPartner::GetHTTPPage
2024-03-17 18:36:49 -  - exec CUpdateClientPartner::ParseServerData
2024-03-17 18:36:49 -  - exec CUpdateClientPartner::GetUpdatesList
2024-03-17 18:36:49 -  - exec CUpdateClientPartner::__CollectRequestData
2024-03-17 18:36:49 -  - utf=Y&lang=ru&stable=Y&CANGZIP=Y&SUPD_DBS=MYSQL&XE=N&CLIENT_SITE=bitri.xxx&LICENSE_KEY=X&SUPD_STS=1&SUPD_URS=0&TYPENC=D&CLIENT_PHPVER=8.1.9&NGINX=Y&dbv=8.0.30&instm=main%2C23.900.600%2CY%3Bb24connector%2C22.0.0%2CN%3Bbitrix.sitecorporate%2C15.5.0%2CN%3Bbitrix.siteinfoportal%2C15.5.0%2CN%3Bbitrix.sitepersonal%2C15.5.0%2CN%3Bbitrixcloud%2C23.0.0%2CN%3Bblog%2C23.100.0%2CN%3Bclouds%2C23.100.0%2CN%3Bfileman%2C23.300.0%2CN%3Bform%2C23.0.0%2CN%3Bforum%2C23.400.0%2CN%3Bhighloadblock%2C23.100.0%2CN%3Biblock%2C23.400.0%2CN%3Blanding%2C23.1300.200%2CN%3Blocation%2C23.300.0%2CN%3Bmessageservice%2C24.0.0%2CN%3Bmobileapp%2C23.200.0%2CN%3Bolegpro.csscompiler%2C1.2.1%2CN%3Bperfmon%2C23.100.0%2CN%3Bphotogallery%2C23.0.0%2CN%3Brest%2C23.300.100%2CN%3Bscale%2C21.0.0%2CN%3Bsearch%2C23.0.0%2CN%3Bsecurity%2C23.200.100%2CN%3Bseo%2C23.500.0%2CN%3Bsocialservices%2C24.0.100%2CN%3Bsubscribe%2C23.100.0%2CN%3Btranslate%2C23.400.0%2CN%3Bui%2C23.550.0%2CN%3Bvote%2C23.300.0%2CN&reqm=bitrix.sitecorporate%2Cbitrix.siteinfoportal%2Cbitrix.sitepersonal%2Colegpro.csscompiler&fullmoduleinfo=Y&SUPD_SRS=RU&SUPD_CMP=N
2024-03-17 18:36:49 -  - exec CUpdateClientPartner::GetHTTPPage
2024-03-17 18:36:50 -  - TIME GetUpdatesList(request) 0.168 sec
2024-03-17 18:36:50 -  - exec CUpdateClientPartner::ParseServerData
2024-03-17 18:36:50 -  - exec CUpdateClientPartner::__CollectRequestData
2024-03-17 18:36:50 -  - exec CUpdateClientPartner::GetHTTPPage
2024-03-17 18:36:50 -  - exec CUpdateClientPartner::ParseServerData
